[1] "Inputted Arguments: "
[1] "1" "1" "3" "1"
                        Id
1 9496-2020-12-25 11:47:19
                                                            input_param
1 [{"Sepal.Length":1,"Sepal.Width":1,"Petal.Length":3,"Petal.Width":1}]
  predict_result
1     versicolor
[1] "Inputted Arguments: "
[1] "1" "1" "3" "1"
                         Id
1 14816-2020-12-25 11:47:30
                                                            input_param
1 [{"Sepal.Length":1,"Sepal.Width":1,"Petal.Length":3,"Petal.Width":1}]
  predict_result
1     versicolor
[1] "Inputted Arguments: "
[1] "1" "1" "3" "1"
                        Id
1 8804-2020-12-25 11:48:00
                                                            input_param
1 [{"Sepal.Length":1,"Sepal.Width":1,"Petal.Length":3,"Petal.Width":1}]
  predict_result
1     versicolor
